Jason,24.01.2020 17.16.26,MSU00322,1605.00,38.80,88.50,308.471872,1.217760
Jason,24.01.2020 17.16.44,MSU00322,1605.00,38.80,94.00,348.004400,1.302324
Jason,24.01.2020 17.17.35,MSU00322,1605.00,38.80,92.00,333.353242,1.271399
Jason,24.01.2020 17.17.45,MSU00322,1605.00,38.80,92.00,333.353242,1.271399
Jason,24.01.2020 17.17.53,MSU00322,1605.00,38.80,92.00,333.353242,1.271399
Jason,24.01.2020 17.18.17,MSU00322,1605.00,38.80,92.00,333.353242,1.271399
Akshit,24.01.2020 18.23.58,MSU00325,1605.00,38.80,93.50,344.312072,1.294574
Akshit,24.01.2020 18.24.12,MSU00325,1605.00,38.80,93.50,344.312072,1.294574
Akshit,24.01.2020 18.24.28,MSU00325,1605.00,38.80,94.00,348.004400,1.302324
Akshit,24.01.2020 18.24.40,MSU00325,1605.00,38.80,94.00,348.004400,1.302324
Akshit,24.01.2020 18.26.37,MSU00325,1605.00,38.80,94.00,348.004400,1.302324
Akshit,24.01.2020 18.49.37,MSU00325,1605.00,38.80,94.00,348.004400,1.302324
Akshit,24.01.2020 18.50.03,MSU00326,1605.00,38.80,93.50,344.312072,1.294574
Akshit,24.01.2020 18.50.53,MSU00326,1605.00,38.80,94.50,351.716421,1.310086
Akshit,24.01.2020 18.51.06,MSU00326,1605.00,38.80,94.50,351.716421,1.310086
Akshit,24.01.2020 18.52.32,MSU00326,1605.00,38.80,94.50,351.716421,1.310086
Akshit,24.01.2020 19.08.32,MSU00327,1605.00,38.80,93.50,344.312072,1.294574
Akshit,24.01.2020 19.08.44,MSU00327,1605.00,38.80,95.00,355.448134,1.317862
Akshit,24.01.2020 19.08.57,MSU00327,1605.00,38.80,94.00,348.004400,1.302324
Akshit,24.01.2020 19.09.15,MSU00327,1605.00,38.80,94.50,351.716421,1.310086
Akshit,24.01.2020 19.10.09,MSU00327,1605.00,38.80,94.50,351.716421,1.310086
Akshit,24.01.2020 19.27.54,MSU00328,1605.00,38.80,93.50,344.312072,1.294574
Akshit,24.01.2020 19.28.06,MSU00328,1605.00,38.80,94.50,351.716421,1.310086
Akshit,24.01.2020 19.29.11,MSU00328,1605.00,38.80,94.50,351.716421,1.310086
Akshit,24.01.2020 19.30.25,MSU00328,1605.00,38.80,94.50,351.716421,1.310086
Akshit,24.01.2020 20.33.59,MSU00329,1605.00,38.80,100.00,393.848348,1.396330
Akshit,24.01.2020 20.34.30,MSU00329,1605.00,38.80,94.50,351.716421,1.310086
Akshit,24.01.2020 20.35.28,MSU00329,1605.00,38.80,12.50,6.153880,0.162683
Akshit,24.01.2020 20.35.50,MSU00329,1605.00,38.80,94.00,348.004400,1.302324
Akshit,24.01.2020 20.37.03,MSU00329,1605.00,38.80,94.00,348.004400,1.302324
Akshit,24.01.2020 20.51.58,MSU00329,1605.00,38.80,94.50,351.716421,1.310086
Akshit,24.01.2020 20.53.41,MSU00329,1605.00,38.80,94.50,351.716421,1.310086
Akshit,24.01.2020 20.54.15,MSU00330,1605.00,38.80,94.50,351.716421,1.310086
Akshit,24.01.2020 21.17.17,MSU00330,1605.00,38.80,94.50,351.716421,1.310086
Akshit,24.01.2020 21.17.23,MSU00331,1605.00,38.80,94.50,351.716421,1.310086
Akshit,24.01.2020 21.18.16,MSU00331,1605.00,38.80,95.00,355.448134,1.317862
Akshit,24.01.2020 21.18.28,MSU00331,1605.00,38.80,94.50,351.716421,1.310086
Akshit,24.01.2020 21.30.52,MSU00332,1605.00,38.80,94.50,351.716421,1.310086
Akshit,24.01.2020 21.31.50,MSU00332,1605.00,38.80,94.50,351.716421,1.310086
Akshit,24.01.2020 21.45.41,MSU00333,1605.00,38.80,94.50,351.716421,1.310086
Akshit,24.01.2020 21.46.32,MSU00333,1605.00,38.80,94.50,351.716421,1.310086
Akshit,24.01.2020 22.08.49,MSU00334,1605.00,38.80,93.50,344.312072,1.294574
Akshit,24.01.2020 22.08.59,MSU00334,1605.00,38.80,95.00,355.448134,1.317862
Akshit,24.01.2020 22.09.11,MSU00334,1605.00,38.80,93.00,340.639436,1.286836
Akshit,24.01.2020 22.09.23,MSU00334,1605.00,38.80,95.00,355.448134,1.317862
Akshit,24.01.2020 22.09.56,MSU00334,1605.00,38.80,94.50,351.716421,1.310086
Akshit,24.01.2020 22.19.53,MSU00335,1605.00,38.80,39.50,61.450188,0.519587
Akshit,24.01.2020 22.20.51,MSU00335,1605.00,38.80,93.50,344.312072,1.294574
Akshit,24.01.2020 22.21.01,MSU00335,1605.00,38.80,94.50,351.716421,1.310086
Akshit,24.01.2020 22.21.39,MSU00335,1605.00,38.80,94.50,351.716421,1.310086
