Jaime,30.01.2020 15.09.16,MSU00369,1605.00,38.80,14.25,7.997583,0.121379
Jaime,30.01.2020 15.09.48,MSU00369,1605.00,38.80,15.75,9.769901,0.134264
Jaime,30.01.2020 15.11.20,MSU00369,1605.00,38.80,15.25,9.159436,0.129966
Jaime,30.01.2020 15.12.20,MSU00369,1605.00,38.80,15.00,8.861588,0.127818
Jaime,30.01.2020 15.12.41,MSU00369,1605.00,38.80,60.00,141.785405,0.619253
Jaime,30.01.2020 15.12.59,MSU00369,1605.00,38.80,13.67,7.356212,0.135049
Jaime,30.01.2020 15.13.15,MSU00369,1605.00,38.80,13.00,6.656037,0.128430
Jaime,30.01.2020 15.13.34,MSU00369,1605.00,38.80,15.50,9.462207,0.201856
Jaime,30.01.2020 15.13.42,MSU00369,1605.00,38.80,14.50,8.280662,0.188790
Jaime,30.01.2020 15.13.50,MSU00369,1605.00,38.80,66.50,174.169586,0.893359
Jaime,30.01.2020 15.19.46,MSU00369,1605.00,38.80,60.00,141.785405,0.541285
Jaime,30.01.2020 15.20.02,MSU00369,1605.00,38.80,60.00,141.785405,0.541285
Jaime,30.01.2020 15.20.36,MSU00369,1605.00,38.80,60.00,141.785405,0.619253
Jaime,30.01.2020 15.21.07,MSU00369,1605.00,38.80,99.67,391.227068,1.105301
Jaime,30.01.2020 15.21.34,MSU00369,1605.00,38.80,60.00,141.785405,0.619253
Jaime,30.01.2020 15.21.47,MSU00369,1605.00,38.80,60.00,141.785405,0.801250
Jaime,30.01.2020 15.22.11,MSU00369,1605.00,38.80,60.00,141.785405,0.801250
Jaime,30.01.2020 15.22.39,MSU00369,1605.00,38.80,60.00,141.785405,0.801250
Jaime,30.01.2020 15.23.03,MSU00369,1605.00,38.80,60.00,141.785405,0.541285
Jaime,30.01.2020 15.23.19,MSU00369,1605.00,38.80,60.00,141.785405,0.541285
Jaime,30.01.2020 15.24.08,MSU00369,1605.00,38.80,75.25,223.019088,0.700870
Jaime,30.01.2020 15.24.24,MSU00369,1605.00,38.80,75.25,223.019088,0.700870
Jaime,30.01.2020 15.25.32,MSU00369,1605.00,38.80,94.50,351.716421,0.922257
Jaime,30.01.2020 15.44.40,MSU00370,1605.00,38.80,26.00,26.624148,0.223333
Jaime,30.01.2020 15.45.02,MSU00370,1605.00,38.80,26.00,26.624148,0.258590
Jaime,30.01.2020 15.45.38,MSU00370,1605.00,38.80,26.00,26.624148,0.258590
Jaime,30.01.2020 15.46.06,MSU00370,1605.00,38.80,26.00,26.624148,0.258590
Jaime,30.01.2020 15.46.22,MSU00370,1605.00,38.80,26.00,26.624148,0.339727
Jaime,30.01.2020 15.46.42,MSU00370,1605.00,38.80,26.00,26.624148,0.339727
Jaime,30.01.2020 15.46.56,MSU00370,1605.00,38.80,26.00,26.624148,0.339727
Jaime,30.01.2020 15.47.28,MSU00370,1605.00,38.80,26.00,26.624148,0.339727
Jaime,30.01.2020 15.48.27,MSU00370,1605.00,38.80,26.25,27.138613,0.225532
Jaime,30.01.2020 15.49.15,MSU00370,1605.00,38.80,26.00,26.624148,0.223333
Jaime,30.01.2020 15.49.27,MSU00370,1605.00,38.80,26.00,26.624148,0.223333
Jaime,30.01.2020 15.49.39,MSU00370,1605.00,38.80,26.00,26.624148,0.223333
Jaime,30.01.2020 15.50.07,MSU00370,1605.00,38.80,26.00,26.624148,0.223333
