Braden,07.11.2019 15.52.06,MSU00184,1129.33,38.80,392.50,2959.238049,4.583580
Braden,07.11.2019 15.56.51,MSU00184,1129.33,38.80,45.50,39.767050,0.293066
Braden,07.11.2019 15.57.55,MSU00184,1129.33,38.80,203.50,795.480261,1.653847
Braden,07.11.2019 15.58.11,MSU00184,1129.33,38.80,355.50,2427.614877,3.879596
Braden,07.11.2019 15.58.25,MSU00184,1129.33,38.80,330.50,2098.183695,3.440822
Braden,07.11.2019 15.58.37,MSU00184,1129.33,38.80,404.50,3142.951158,4.826018
Braden,07.11.2019 15.59.06,MSU00184,1129.33,38.80,131.50,332.163636,0.939005
Braden,07.11.2019 15.59.26,MSU00184,1129.33,38.80,132.50,337.234763,0.947673
Braden,07.11.2019 15.59.42,MSU00184,1129.33,38.80,132.50,337.234763,0.947673
Braden,07.11.2019 15.59.58,MSU00184,1129.33,38.80,132.00,334.694397,0.943335
Braden,07.11.2019 16.00.20,MSU00184,1129.33,38.80,132.00,334.694397,0.943335
Braden,07.11.2019 16.00.40,MSU00184,1129.33,38.80,133.00,339.784733,0.952020
Braden,07.11.2019 16.20.51,MSU00172,1129.33,38.80,23.50,10.608068,0.149625
Braden,07.11.2019 16.21.05,MSU00172,1129.33,38.80,132.50,337.234763,0.947673
Braden,07.11.2019 16.21.23,MSU00172,1129.33,38.80,132.50,337.234763,0.947673
Braden,07.11.2019 16.21.55,MSU00172,1129.33,38.80,22.50,9.724463,0.143207
Braden,07.11.2019 16.22.07,MSU00172,1129.33,38.80,132.50,337.234763,0.947673
Braden,07.11.2019 16.38.30,MSU00175,1129.33,38.80,134.00,344.913487,0.960737
Braden,07.11.2019 16.38.47,MSU00175,1129.33,38.80,134.00,344.913487,0.960737
Braden,07.11.2019 16.39.05,MSU00175,1129.33,38.80,21.50,8.879275,0.136796
Braden,07.11.2019 16.39.17,MSU00175,1129.33,38.80,134.00,344.913487,0.960737
Braden,07.11.2019 16.53.55,MSU00174,1129.33,38.80,250.00,1200.550955,2.225052
Braden,07.11.2019 16.54.09,MSU00174,1129.33,38.80,250.00,1200.550955,2.225052
Braden,07.11.2019 16.54.31,MSU00174,1129.33,38.80,250.00,1200.550955,2.225052
Braden,07.11.2019 16.55.30,MSU00174,1129.33,38.80,401.00,3088.796706,4.754589
Braden,07.11.2019 16.55.50,MSU00174,1129.33,38.80,19.00,6.934382,0.120795
Braden,07.11.2019 16.56.26,MSU00174,1129.33,38.80,18.00,6.223656,0.114405
Braden,07.11.2019 16.56.46,MSU00174,1129.33,38.80,133.50,342.344308,0.956374
Braden,07.11.2019 16.57.03,MSU00174,1129.33,38.80,19.00,6.934382,0.120795
Braden,07.11.2019 16.57.15,MSU00174,1129.33,38.80,17.00,5.551348,0.108020
Braden,07.11.2019 16.57.27,MSU00174,1129.33,38.80,18.00,6.223656,0.114405
Braden,07.11.2019 16.57.39,MSU00174,1129.33,38.80,133.50,342.344308,0.956374
Braden,07.11.2019 17.05.56,MSU00183,1129.33,38.80,132.50,337.234763,0.947673
Braden,07.11.2019 17.06.12,MSU00183,1129.33,38.80,132.00,334.694397,0.943335
Braden,07.11.2019 17.06.27,MSU00183,1129.33,38.80,131.50,332.163636,0.939005
Braden,07.11.2019 17.06.43,MSU00183,1129.33,38.80,132.50,337.234763,0.947673
Dravin,08.11.2019 11.22.08,,1129.33,38.80,131.50,332.163636,0.939005
Braden,08.11.2019 14.02.45,MSU00175,1129.33,38.80,19.50,7.304152,0.123992
Braden,08.11.2019 14.02.57,MSU00175,1129.33,38.80,132.50,337.234763,0.947673
Braden,08.11.2019 14.03.13,MSU00175,1129.33,38.80,134.00,344.913487,0.960737
Braden,08.11.2019 14.03.37,MSU00175,1129.33,38.80,134.00,344.913487,0.960737
Braden,08.11.2019 14.04.01,MSU00175,1129.33,38.80,133.00,339.784733,0.952020
Braden,08.11.2019 14.04.15,MSU00175,1129.33,38.80,134.00,344.913487,0.960737
Braden,08.11.2019 14.04.30,MSU00175,1129.33,38.80,133.00,339.784733,0.952020
Braden,08.11.2019 14.04.46,MSU00175,1129.33,38.80,132.50,337.234763,0.947673
Braden,08.11.2019 14.05.00,MSU00175,1129.33,38.80,132.50,337.234763,0.947673
Braden,08.11.2019 14.05.28,MSU00175,1129.33,38.80,133.00,339.784733,0.952020
Braden,08.11.2019 14.05.48,MSU00175,1129.33,38.80,132.50,337.234763,0.947673
Braden,08.11.2019 14.06.00,MSU00175,1129.33,38.80,133.00,339.784733,0.952020
Braden,08.11.2019 14.06.27,MSU00175,1129.33,38.80,404.50,3142.951158,4.826018
Braden,08.11.2019 14.06.41,MSU00175,1129.33,38.80,133.50,342.344308,0.956374
Braden,08.11.2019 14.07.27,MSU00175,1129.33,38.80,132.00,334.694397,0.943335
Braden,08.11.2019 14.07.39,MSU00175,1129.33,38.80,133.00,339.784733,0.952020
Braden,08.11.2019 14.39.49,,1129.33,38.80,404.50,3142.951158,4.826018
Braden,08.11.2019 14.40.05,,1129.33,38.80,131.50,332.163636,0.939005
Braden,08.11.2019 14.44.41,,1129.33,38.80,133.00,339.784733,0.952020
Braden,08.11.2019 14.44.55,,1129.33,38.80,133.00,339.784733,0.952020
Braden,08.11.2019 14.45.07,,1129.33,38.80,133.00,339.784733,0.952020
Braden,08.11.2019 14.48.17,,1129.33,38.80,132.50,337.234763,0.947673
Braden,08.11.2019 14.50.14,,1129.33,38.80,132.50,337.234763,0.947673
Braden,08.11.2019 14.55.06,,1129.33,38.80,133.00,339.784733,0.952020
Braden,08.11.2019 14.55.30,,1129.33,38.80,133.00,339.784733,0.952020
Braden,08.11.2019 14.59.05,,1129.33,38.80,131.50,332.163636,0.939005
Braden,08.11.2019 14.59.17,,1129.33,38.80,131.50,332.163636,0.939005
Braden,08.11.2019 14.59.30,,1129.33,38.80,131.50,332.163636,0.939005
Braden,08.11.2019 15.11.35,,1129.33,38.80,133.00,339.784733,0.952020
Braden,08.11.2019 15.14.38,,1129.33,38.80,404.00,3135.185995,4.815778
Braden,08.11.2019 15.14.52,,1129.33,38.80,15.50,4.614918,0.098451
Braden,08.11.2019 15.15.10,,1129.33,38.80,133.00,339.784733,0.952020
Braden,08.11.2019 15.15.27,,1129.33,38.80,133.50,342.344308,0.956374
Braden,08.11.2019 15.15.37,,1129.33,38.80,133.00,339.784733,0.952020
Braden,08.11.2019 15.17.40,,1129.33,38.80,133.00,339.784733,0.952020
Braden,08.11.2019 15.24.18,,1129.33,38.80,133.00,339.784733,0.952020
Akshit,08.11.2019 17.09.02,MSU00110,1129.33,38.80,138.00,365.812678,0.995931
Akshit,08.11.2019 17.09.38,MSU00110,1129.33,38.80,138.00,365.812678,0.995931
Akshit,08.11.2019 17.11.03,MSU00110,1129.33,38.80,138.00,365.812678,0.995931
Akshit,08.11.2019 17.11.33,MSU00110,1129.33,38.80,138.00,365.812678,0.995931
