Dravin,06.11.2019 12.17.24,,1129.33,38.80,132.50,337.234763,0.947673
Dravin,06.11.2019 12.17.50,,1129.33,38.80,124.00,295.354744,0.875000
Dravin,06.11.2019 12.24.35,,1129.33,38.80,134.00,344.913487,0.960737
Dravin,06.11.2019 12.25.48,,1129.33,38.80,404.00,3135.185995,4.815778
Dravin,06.11.2019 12.26.02,,1129.33,38.80,134.00,344.913487,0.960737
Dravin,06.11.2019 12.28.07,,1129.33,38.80,404.50,3142.951158,4.826018
Dravin,06.11.2019 12.28.19,,1129.33,38.80,404.00,3135.185995,4.815778
Dravin,06.11.2019 12.28.31,,1129.33,38.80,404.00,3135.185995,4.815778
Dravin,06.11.2019 12.29.54,,1129.33,38.80,404.50,3142.951158,4.826018
Dravin,06.11.2019 12.30.06,,1129.33,38.80,134.00,344.913487,0.960737
Dravin,06.11.2019 12.30.48,,1129.33,38.80,124.50,297.741439,0.879212
Dravin,06.11.2019 12.32.13,,1129.33,38.80,124.50,297.741439,0.879212
Dravin,06.11.2019 12.32.27,,1129.33,38.80,124.50,297.741439,0.879212
Dravin,06.11.2019 12.36.05,,1129.33,38.80,404.50,3142.951158,4.826018
Dravin,06.11.2019 12.36.25,,1129.33,38.80,134.00,344.913487,0.960737
Dravin,06.11.2019 12.39.02,,1129.33,38.80,404.50,3142.951158,4.826018
Dravin,06.11.2019 12.39.14,,1129.33,38.80,124.00,295.354744,0.875000
Dravin,06.11.2019 12.44.24,,1129.33,38.80,133.50,342.344308,0.956374
Dravin,06.11.2019 12.50.13,MSU00183,1129.33,38.80,398.00,3042.753175,4.693835
Dravin,06.11.2019 12.50.27,MSU00183,1129.33,38.80,398.00,3042.753175,4.693835
Dravin,06.11.2019 12.51.17,MSU00183,1129.33,38.80,398.00,3042.753175,4.693835
Dravin,06.11.2019 12.52.40,MSU00183,1129.33,38.80,132.50,337.234763,0.947673
Dravin,06.11.2019 12.52.56,MSU00183,1129.33,38.80,132.50,337.234763,0.947673
Dravin,06.11.2019 12.59.05,,1129.33,38.80,404.50,3142.951158,4.826018
Dravin,06.11.2019 13.04.01,,1129.33,38.80,397.50,3035.112869,4.683752
Dravin,06.11.2019 13.04.19,,1129.33,38.80,132.50,337.234763,0.947673
Dravin,06.11.2019 13.04.35,,1129.33,38.80,133.00,339.784733,0.952020
Dravin,06.11.2019 13.05.21,,1129.33,38.80,404.50,3142.951158,4.826018
