Jason,28.01.2020 17.49.27,MSU00344,1605.00,38.80,93.00,340.639436,1.286836
Jason,28.01.2020 17.49.55,MSU00344,1605.00,38.80,93.00,340.639436,1.286836
Jason,28.01.2020 17.50.35,MSU00344,1605.00,38.80,93.00,340.639436,1.286836
Jason,28.01.2020 17.51.02,MSU00344,1605.00,38.80,96.00,362.970637,1.333451
Jason,28.01.2020 17.51.16,MSU00344,1605.00,38.80,93.00,340.639436,1.286836
Jason,28.01.2020 17.51.30,MSU00344,1605.00,38.80,95.50,359.199539,1.325650
Jason,28.01.2020 17.52.26,MSU00344,1605.00,38.80,94.00,348.004400,1.302324
Jason,28.01.2020 17.54.07,MSU00344,1605.00,38.80,93.00,340.639436,1.286836
Jason,28.01.2020 17.54.17,MSU00344,1605.00,38.80,93.00,340.639436,1.286836
Akshit,28.01.2020 18.24.58,MSU00345,1605.00,38.80,93.00,340.639436,1.286836
Akshit,28.01.2020 18.25.34,MSU00345,1605.00,38.80,93.00,340.639436,1.286836
Akshit,28.01.2020 18.26.03,MSU00345,1605.00,38.80,95.00,355.448134,1.317862
Akshit,28.01.2020 18.26.23,MSU00345,1605.00,38.80,95.00,355.448134,1.317862
Akshit,28.01.2020 18.27.09,MSU00345,1605.00,38.80,95.00,355.448134,1.317862
Jason,28.01.2020 20.35.31,MSU00346,1605.00,38.80,93.50,344.312072,1.294574
Jason,28.01.2020 20.35.52,MSU00346,1605.00,38.80,94.00,348.004400,1.302324
Jason,28.01.2020 20.37.28,MSU00346,1605.00,38.80,94.00,348.004400,1.302324
Jason,28.01.2020 20.37.40,MSU00346,1605.00,38.80,94.00,348.004400,1.302324
Jason,28.01.2020 20.57.25,MSU00346,1605.00,38.80,94.00,348.004400,1.302324
Jason,28.01.2020 21.15.00,MSU00346,1605.00,38.80,94.50,351.716421,1.310086
Jason,28.01.2020 21.15.14,MSU00346,1605.00,38.80,94.50,351.716421,1.310086
Jason,28.01.2020 21.16.41,MSU00346,1605.00,38.80,95.00,355.448134,1.317862
Jason,28.01.2020 21.17.54,MSU00347,1605.00,38.80,95.00,355.448134,1.317862
