Dravin,29.01.2020 16.54.18,MSU00320,1605.00,38.80,14.50,8.280662,0.123525
Dravin,29.01.2020 16.54.32,MSU00320,1605.00,38.80,93.50,344.312072,1.294574
Dravin,29.01.2020 16.54.54,MSU00320,1605.00,38.80,14.75,8.568663,0.125671
Dravin,29.01.2020 16.55.12,MSU00320,1605.00,38.80,15.67,9.666789,0.154933
Dravin,29.01.2020 16.55.28,MSU00320,1605.00,38.80,14.67,8.472116,0.144985
Dravin,29.01.2020 16.55.38,MSU00320,1605.00,38.80,93.50,344.312072,1.294574
Dravin,29.01.2020 16.56.56,MSU00320,1605.00,38.80,15.75,9.769901,0.134264
Dravin,29.01.2020 16.57.08,MSU00320,1605.00,38.80,93.50,344.312072,1.294574
Dravin,29.01.2020 17.43.10,MSU00356,1605.00,38.80,95.50,359.199539,1.325650
Dravin,29.01.2020 17.43.28,MSU00356,1605.00,38.80,12.50,6.153880,0.106384
Dravin,29.01.2020 17.43.40,MSU00356,1605.00,38.80,95.50,359.199539,1.325650
Braden,29.01.2020 18.10.46,MSU00357,1605.00,38.80,12.50,6.153880,0.162683
Braden,29.01.2020 18.11.28,MSU00357,1605.00,38.80,94.00,348.004400,1.302324
Braden,29.01.2020 18.12.29,MSU00357,1605.00,38.80,94.00,348.004400,1.302324
Braden,29.01.2020 18.22.07,MSU00358,1605.00,38.80,99.50,389.919710,1.388424
Braden,29.01.2020 18.23.03,MSU00358,1605.00,38.80,93.00,340.639436,1.286836
Braden,29.01.2020 18.23.21,MSU00358,1605.00,38.80,93.00,340.639436,1.017269
Braden,29.01.2020 18.23.52,MSU00358,1605.00,38.80,93.00,340.639436,1.017269
Braden,29.01.2020 18.24.22,MSU00358,1605.00,38.80,93.00,340.639436,1.017269
Braden,29.01.2020 18.25.04,MSU00358,1605.00,38.80,93.00,340.639436,1.017269
Braden,29.01.2020 18.26.46,MSU00358,1605.00,38.80,93.33,343.085672,1.021603
Braden,29.01.2020 18.27.06,MSU00358,1605.00,38.80,93.25,342.473292,0.907138
Braden,29.01.2020 18.27.43,MSU00358,1605.00,38.80,93.25,342.473292,0.907138
Braden,29.01.2020 18.28.39,MSU00358,1605.00,38.80,93.25,342.473292,0.907138
Braden,29.01.2020 18.29.07,MSU00358,1605.00,38.80,93.50,344.312072,0.910153
Braden,29.01.2020 18.29.35,MSU00358,1605.00,38.80,93.50,344.312072,0.910153
Braden,29.01.2020 18.30.11,MSU00358,1605.00,38.80,93.50,344.312072,0.910153
Braden,29.01.2020 18.31.11,MSU00358,1605.00,38.80,93.50,344.312072,0.910153
Braden,29.01.2020 18.34.00,MSU00358,1605.00,38.80,93.50,344.312072,0.910153
Braden,29.01.2020 18.44.34,MSU00359,1605.00,38.80,100.25,395.820051,0.993215
Braden,29.01.2020 18.45.27,MSU00359,1605.00,38.80,93.75,346.155774,0.913173
Braden,29.01.2020 18.45.51,MSU00359,1605.00,38.80,93.75,346.155774,0.913173
Braden,29.01.2020 18.47.15,MSU00359,1605.00,38.80,93.75,346.155774,0.913173
Braden,29.01.2020 19.02.10,MSU00359,1605.00,38.80,100.75,399.778227,0.999496
Braden,29.01.2020 19.03.02,MSU00359,1605.00,38.80,94.00,348.004400,0.916196
Braden,29.01.2020 19.04.07,MSU00359,1605.00,38.80,94.00,348.004400,0.916196
