Dravin,31.01.2020 10.24.39,MSU00371,1605.00,38.80,93.50,344.312072,0.910153
Dravin,31.01.2020 10.45.51,MSU00372,1605.00,38.80,182.25,1308.169749,2.110866
Dravin,31.01.2020 10.46.11,MSU00372,1605.00,38.80,181.33,1295.043385,2.142235
Dravin,31.01.2020 10.46.31,MSU00372,1605.00,38.80,94.25,349.857949,0.919225
Dravin,31.01.2020 11.09.16,MSU00373,1605.00,38.80,93.00,340.639436,0.904127
Dravin,31.01.2020 11.09.40,MSU00373,1605.00,38.80,93.00,340.639436,0.904127
Dravin,31.01.2020 11.11.01,MSU00373,1605.00,38.80,93.00,340.639436,0.904127
Braden,31.01.2020 11.58.35,MSU00374,1605.00,38.80,100.50,397.796677,0.996353
Braden,31.01.2020 11.59.27,MSU00374,1605.00,38.80,94.00,348.004400,0.916196
Braden,31.01.2020 12.00.31,MSU00374,1605.00,38.80,94.25,349.857949,0.919225
Braden,31.01.2020 12.03.12,MSU00375,1605.00,38.80,100.25,395.820051,0.993215
Braden,31.01.2020 12.04.08,MSU00375,1605.00,38.80,93.50,344.312072,0.910153
Braden,31.01.2020 12.04.28,MSU00375,1605.00,38.80,93.75,346.155774,0.913173
Braden,31.01.2020 12.04.48,MSU00375,1605.00,38.80,93.75,346.155774,0.913173
Braden,31.01.2020 12.06.13,MSU00375,1605.00,38.80,94.00,348.004400,0.916196
Braden,31.01.2020 12.10.01,MSU00376,1605.00,38.80,100.00,393.848348,0.990081
Braden,31.01.2020 12.10.58,MSU00376,1605.00,38.80,93.50,344.312072,0.910153
Braden,31.01.2020 12.11.26,MSU00376,1605.00,38.80,94.00,348.004400,0.916196
Braden,31.01.2020 12.12.18,MSU00376,1605.00,38.80,94.00,348.004400,0.916196
Braden,31.01.2020 12.14.50,MSU00377,1605.00,38.80,75.25,223.019088,0.700870
Braden,31.01.2020 12.15.11,MSU00377,1605.00,38.80,75.25,223.019088,0.700870
Braden,31.01.2020 12.16.03,MSU00377,1605.00,38.80,75.25,223.019088,0.700870
Braden,31.01.2020 12.20.24,MSU00377,1605.00,38.80,94.75,353.579816,0.925294
Braden,31.01.2020 12.21.20,MSU00377,1605.00,38.80,94.75,353.579816,0.925294
Braden,31.01.2020 12.23.56,MSU00378,1605.00,38.80,100.25,395.820051,0.993215
Braden,31.01.2020 12.24.45,MSU00378,1605.00,38.80,60.00,141.785405,0.541285
Braden,31.01.2020 12.25.01,MSU00378,1605.00,38.80,94.50,351.716421,0.922257
Braden,31.01.2020 12.25.45,MSU00378,1605.00,38.80,94.50,351.716421,0.922257
Braden,31.01.2020 12.28.09,MSU00379,1605.00,38.80,101.25,403.756095,1.005795
Braden,31.01.2020 12.28.58,MSU00379,1605.00,38.80,100.75,399.778227,0.999496
Braden,31.01.2020 12.29.18,MSU00379,1605.00,38.80,94.75,353.579816,0.925294
Braden,31.01.2020 12.30.14,MSU00379,1605.00,38.80,95.00,355.448134,0.928335
Braden,31.01.2020 12.32.42,MSU00380,1605.00,38.80,101.00,401.764700,1.002643
Braden,31.01.2020 12.33.59,MSU00380,1605.00,38.80,94.50,351.716421,0.922257
Braden,31.01.2020 12.35.11,MSU00380,1605.00,38.80,94.50,351.716421,0.922257
Braden,31.01.2020 12.37.44,MSU00381,1605.00,38.80,100.75,399.778227,0.999496
Braden,31.01.2020 12.38.32,MSU00381,1605.00,38.80,93.25,342.473292,0.907138
Braden,31.01.2020 12.38.52,MSU00381,1605.00,38.80,94.25,349.857949,0.919225
Braden,31.01.2020 12.39.40,MSU00381,1605.00,38.80,94.25,349.857949,0.919225
Braden,31.01.2020 12.41.57,MSU00382,1605.00,38.80,101.00,401.764700,1.002643
Braden,31.01.2020 12.42.41,MSU00382,1605.00,38.80,94.50,351.716421,0.922257
Braden,31.01.2020 12.43.21,MSU00382,1605.00,38.80,94.75,353.579816,0.925294
Braden,31.01.2020 12.45.57,MSU00383,1605.00,38.80,101.00,401.764700,1.002643
Braden,31.01.2020 12.46.50,MSU00383,1605.00,38.80,94.00,348.004400,0.916196
Braden,31.01.2020 12.47.42,MSU00383,1605.00,38.80,94.00,348.004400,0.916196
Braden,31.01.2020 12.50.31,MSU00384,1605.00,38.80,100.75,399.778227,0.999496
Braden,31.01.2020 12.51.19,MSU00384,1605.00,38.80,94.00,348.004400,0.916196
Braden,31.01.2020 12.52.15,MSU00384,1605.00,38.80,94.00,348.004400,0.916196
Braden,31.01.2020 12.54.47,MSU00385,1605.00,38.80,101.00,401.764700,1.002643
Braden,31.01.2020 12.55.40,MSU00385,1605.00,38.80,94.50,351.716421,0.922257
Braden,31.01.2020 12.56.24,MSU00385,1605.00,38.80,94.75,353.579816,0.925294
Braden,31.01.2020 13.00.13,MSU00386,1605.00,38.80,100.50,397.796677,0.996353
Braden,31.01.2020 13.01.01,MSU00386,1605.00,38.80,94.00,348.004400,0.916196
Braden,31.01.2020 13.01.49,MSU00386,1605.00,38.80,94.00,348.004400,0.916196
Braden,31.01.2020 13.04.18,MSU00387,1605.00,38.80,100.75,399.778227,0.999496
Braden,31.01.2020 13.05.10,MSU00387,1605.00,38.80,94.00,348.004400,0.916196
Braden,31.01.2020 13.06.02,MSU00387,1605.00,38.80,94.25,349.857949,0.919225
Braden,31.01.2020 13.08.35,MSU00388,1605.00,38.80,101.25,403.756095,1.005795
Braden,31.01.2020 13.09.27,MSU00388,1605.00,38.80,94.50,351.716421,0.922257
Braden,31.01.2020 13.10.15,MSU00388,1605.00,38.80,94.75,353.579816,0.925294
