mike,21.01.2020 10.03.22,MSU00287,1605.00,38.80,374.25,5516.360575,7.816294
mike,21.01.2020 10.03.38,MSU00287,1605.00,38.80,374.25,5516.360575,7.816294
mike,21.01.2020 10.03.58,MSU00287,1605.00,38.80,373.50,5494.273067,7.787581
mike,21.01.2020 10.04.54,MSU00287,1605.00,38.80,373.25,5486.920411,7.778023
mike,21.01.2020 10.05.16,MSU00287,1605.00,38.80,254.67,2554.307835,4.151808
mike,21.01.2020 10.05.31,MSU00287,1605.00,38.80,372.33,5460.002791,7.964858
mike,21.01.2020 10.05.55,MSU00287,1605.00,38.80,255.00,2560.998881,4.160696
mike,21.01.2020 10.06.16,MSU00287,1605.00,38.80,256.33,2587.850586,4.196352
mike,21.01.2020 10.06.47,MSU00287,1605.00,38.80,371.00,5420.968043,7.913959
mike,21.01.2020 10.07.06,MSU00287,1605.00,38.80,371.00,5420.968043,8.515585
mike,21.01.2020 10.07.24,MSU00287,1605.00,38.80,371.50,5435.589663,8.534869
mike,21.01.2020 10.07.42,MSU00287,1605.00,38.80,257.50,2611.460701,4.757630
mike,21.01.2020 10.08.34,MSU00287,1605.00,38.80,256.00,2581.124532,4.716021
mike,21.01.2020 10.09.19,MSU00287,1605.00,38.80,371.00,5420.968043,8.515585
mike,21.01.2020 10.09.51,MSU00287,1605.00,38.80,256.50,2591.216896,4.729868
mike,21.01.2020 10.11.24,MSU00287,1605.00,38.80,28.50,31.990332,0.372779
mike,21.01.2020 10.11.42,MSU00287,1605.00,38.80,371.00,5420.968043,7.913959
mike,21.01.2020 10.11.54,MSU00287,1605.00,38.80,371.00,5420.968043,7.913959
mike,21.01.2020 10.12.09,MSU00287,1605.00,38.80,371.33,5430.713602,7.926667
mike,21.01.2020 10.12.42,MSU00287,1605.00,38.80,93.00,340.639436,1.017269
