Kyle,01.07.2019 10.48.15,MSU00062,1129.33,38.80,127.50,312.263303,0.904649
Kyle,01.07.2019 10.49.27,MSU00069,1129.33,38.80,139.50,373.808348,1.009265
Kyle,01.07.2019 10.50.50,MSU00064,1129.33,38.80,135.00,350.080658,0.969486
Kyle,01.07.2019 10.52.17,MSU00071,1129.33,38.80,139.00,371.133520,1.004812
Kyle,01.07.2019 10.53.29,MSU00058,1129.33,38.80,135.00,350.080658,0.969486
Kyle,01.07.2019 10.54.35,MSU00060,1129.33,38.80,134.00,344.913487,0.960737
Kyle,01.07.2019 10.56.12,MSU00053,1129.33,38.80,135.50,352.678651,0.973873
Kyle,01.07.2019 10.57.33,MSU00049,1129.33,38.80,131.50,332.163636,0.939005
Kyle,01.07.2019 10.58.35,MSU00045,1129.33,38.80,133.50,342.344308,0.956374
Kyle,01.07.2019 10.59.43,MSU00050,1129.33,38.80,135.50,352.678651,0.973873
Kyle,01.07.2019 11.01.06,MSU00051,1129.33,38.80,137.00,360.530254,0.987083
Kyle,01.07.2019 11.02.32,MSU00046,1129.33,38.80,135.00,350.080658,0.969486
Kyle,01.07.2019 11.04.27,MSU00044,1129.33,38.80,134.50,347.492271,0.965107
Kyle,01.07.2019 11.05.54,MSU00026,1129.33,38.80,132.00,335.694397,0.943335
Kyle,01.07.2019 11.06.58,MSU00039,1129.33,38.80,132.50,337.234763,0.947673
Kyle,01.07.2019 11.07.52,MSU00041,1129.33,38.80,132.50,337.234763,0.947673
Kyle,01.07.2019 11.09.23,MSU00014,1129.33,38.80,134.50,347.492271,0.965107
Kyle,01.07.2019 11.10.21,MSU00037,1129.33,38.80,135.50,352.678651,0.973873
Kyle,01.07.2019 11.11.17,MSU00038,1129.33,38.80,134.00,344.913487,0.960737
Kyle,01.07.2019 11.12.14,MSU00012,1129.33,38.80,134.50,347.492271,0.965107
Kyle,01.07.2019 11.13.10,MSU00022,1129.33,38.80,125.50,302.543643,0.887660
Kyle,01.07.2019 11.13.30,MSU00022,1129.33,38.80,125.50,302.543643,0.887660
Kyle,01.07.2019 11.14.27,MSU00068,1129.33,38.80,134.00,344.913487,0.960737
Kyle,01.07.2019 11.15.21,MSU00035,1129.33,38.80,132.50,337.234763,0.947673
Kyle,01.07.2019 11.16.19,MSU00065,1129.33,38.80,135.00,350.080658,0.969486
Kyle,01.07.2019 11.17.20,MSU00042,1129.33,38.80,133.00,339.784733,0.952020
Kyle,01.07.2019 11.18.22,MSU00054,1129.33,38.80,134.00,344.913487,0.960737
Kyle,01.07.2019 11.35.19,MSU00063,1129.33,38.80,141.00,381.890457,1.022674
Kyle,01.07.2019 11.36.13,MSU00027,1129.33,38.80,51.50,50.946580,0.333161
