Braden,30.01.2020 13.38.36,MSU00368,1605.00,38.80,13.00,6.656037,0.169206
Braden,30.01.2020 13.39.24,MSU00368,1605.00,38.80,13.00,6.656037,0.169206
Braden,30.01.2020 13.39.54,MSU00368,1605.00,38.80,100.00,393.848348,1.396330
Braden,30.01.2020 13.40.55,MSU00368,1605.00,38.80,93.50,344.312072,1.294574
Braden,30.01.2020 13.42.09,MSU00368,1605.00,38.80,93.50,344.312072,1.294574
Braden,30.01.2020 13.45.25,MSU00364,1605.00,38.80,100.50,397.796677,1.404250
Braden,30.01.2020 13.46.21,MSU00364,1605.00,38.80,94.00,348.004400,1.302324
Braden,30.01.2020 13.47.21,MSU00364,1605.00,38.80,94.00,348.004400,1.302324
Braden,30.01.2020 13.50.21,MSU00366,1605.00,38.80,99.50,389.919710,1.388424
Braden,30.01.2020 13.51.31,MSU00366,1605.00,38.80,93.00,340.639436,1.286836
Braden,30.01.2020 13.51.59,MSU00366,1605.00,38.80,94.00,348.004400,1.302324
Braden,30.01.2020 13.52.50,MSU00366,1605.00,38.80,94.00,348.004400,1.302324
Braden,30.01.2020 13.55.57,MSU00367,1605.00,38.80,12.50,6.153880,0.162683
Braden,30.01.2020 13.56.49,MSU00367,1605.00,38.80,100.50,397.796677,1.404250
Braden,30.01.2020 13.57.42,MSU00367,1605.00,38.80,93.50,344.312072,1.294574
Braden,30.01.2020 13.58.02,MSU00367,1605.00,38.80,93.50,344.312072,1.294574
Braden,30.01.2020 13.58.18,MSU00367,1605.00,38.80,93.50,344.312072,1.294574
Braden,30.01.2020 13.59.12,MSU00367,1605.00,38.80,93.50,344.312072,1.294574
Braden,30.01.2020 14.01.43,MSU00363,1605.00,38.80,100.00,393.848348,1.396330
Braden,30.01.2020 14.02.30,MSU00363,1605.00,38.80,93.50,344.312072,1.294574
Braden,30.01.2020 14.02.48,MSU00363,1605.00,38.80,94.00,348.004400,1.302324
Braden,30.01.2020 14.03.39,MSU00363,1605.00,38.80,94.00,348.004400,1.302324
Braden,30.01.2020 14.06.22,MSU00365,1605.00,38.80,100.50,397.796677,1.404250
Braden,30.01.2020 14.07.02,MSU00365,1605.00,38.80,94.00,348.004400,1.302324
Braden,30.01.2020 14.07.55,MSU00365,1605.00,38.80,94.50,351.716421,1.310086
